[debug] [2020-09-11T12:06:28.254Z] ----------------------------------------------------------------------
[debug] [2020-09-11T12:06:28.260Z] Command:       C:\Program Files\nodejs\node.exe C:\Users\Dragan\AppData\Roaming\npm\node_modules\firebase-tools\lib\bin\firebase.js functions:shell
[debug] [2020-09-11T12:06:28.261Z] CLI Version:   8.10.0
[debug] [2020-09-11T12:06:28.261Z] Platform:      win32
[debug] [2020-09-11T12:06:28.261Z] Node Version:  v12.16.1
[debug] [2020-09-11T12:06:28.263Z] Time:          Fri Sep 11 2020 14:06:28 GMT+0200 (Central European Summer Time)
[debug] [2020-09-11T12:06:28.264Z] ----------------------------------------------------------------------
[debug] [2020-09-11T12:06:28.264Z] 
[debug] [2020-09-11T12:06:28.497Z] > command requires scopes: ["email","openid","https://www.googleapis.com/auth/cloudplatformprojects.readonly","https://www.googleapis.com/auth/firebase","https://www.googleapis.com/auth/cloud-platform"]
[debug] [2020-09-11T12:06:28.499Z] > authorizing via signed-in user
[debug] [2020-09-11T12:06:28.500Z] [iam] checking project belegic-ebc08 for permissions ["firebase.projects.get"]
[debug] [2020-09-11T12:06:28.507Z] > refreshing access token with scopes: ["email","https://www.googleapis.com/auth/cloud-platform","https://www.googleapis.com/auth/cloudplatformprojects.readonly","https://www.googleapis.com/auth/firebase","openid"]
[debug] [2020-09-11T12:06:28.508Z] >>> HTTP REQUEST POST https://www.googleapis.com/oauth2/v3/token  
 <request body omitted>
[debug] [2020-09-11T12:06:30.344Z] <<< HTTP RESPONSE 200 {"content-type":"application/json; charset=utf-8","vary":"X-Origin, Referer, Origin,Accept-Encoding","date":"Fri, 11 Sep 2020 12:06:30 GMT","server":"scaffolding on HTTPServer2","cache-control":"private","x-xss-protection":"0","x-frame-options":"SAMEORIGIN","x-content-type-options":"nosniff","alt-svc":"h3-29=\":443\"; ma=2592000,h3-27=\":443\"; ma=2592000,h3-T051=\":443\"; ma=2592000,h3-T050=\":443\"; ma=2592000,h3-Q050=\":443\"; ma=2592000,h3-Q046=\":443\"; ma=2592000,h3-Q043=\":443\"; ma=2592000,quic=\":443\"; ma=2592000; v=\"46,43\"","accept-ranges":"none","transfer-encoding":"chunked"}
[debug] [2020-09-11T12:06:30.677Z] >>> HTTP REQUEST POST https://cloudresourcemanager.googleapis.com/v1/projects/belegic-ebc08:testIamPermissions  
 {"permissions":["firebase.projects.get"]}
[debug] [2020-09-11T12:06:31.870Z] <<< HTTP RESPONSE 200 {"content-type":"application/json; charset=UTF-8","vary":"X-Origin, Referer, Origin,Accept-Encoding","date":"Fri, 11 Sep 2020 12:06:31 GMT","server":"ESF","cache-control":"private","x-xss-protection":"0","x-frame-options":"SAMEORIGIN","x-content-type-options":"nosniff","server-timing":"gfet4t7; dur=774","alt-svc":"h3-29=\":443\"; ma=2592000,h3-27=\":443\"; ma=2592000,h3-T051=\":443\"; ma=2592000,h3-T050=\":443\"; ma=2592000,h3-Q050=\":443\"; ma=2592000,h3-Q046=\":443\"; ma=2592000,h3-Q043=\":443\"; ma=2592000,quic=\":443\"; ma=2592000; v=\"46,43\"","accept-ranges":"none","transfer-encoding":"chunked"}
[debug] [2020-09-11T12:06:32.081Z] >>> HTTP REQUEST GET http://localhost:4400/emulators  
 
[debug] [2020-09-11T12:06:34.636Z] Error: connect ECONNREFUSED 127.0.0.1:4400
    at TCPConnectWrap.afterConnect [as oncomplete] (net.js:1137:16)
[error] 
[error] Error: Server Error. connect ECONNREFUSED 127.0.0.1:4400
[debug] [2020-09-11T12:09:32.308Z] ----------------------------------------------------------------------
[debug] [2020-09-11T12:09:32.314Z] Command:       C:\Program Files\nodejs\node.exe C:\Users\Dragan\AppData\Roaming\npm\node_modules\firebase-tools\lib\bin\firebase.js emulators:start
[debug] [2020-09-11T12:09:32.315Z] CLI Version:   8.10.0
[debug] [2020-09-11T12:09:32.315Z] Platform:      win32
[debug] [2020-09-11T12:09:32.315Z] Node Version:  v12.16.1
[debug] [2020-09-11T12:09:32.318Z] Time:          Fri Sep 11 2020 14:09:32 GMT+0200 (Central European Summer Time)
[debug] [2020-09-11T12:09:32.319Z] ----------------------------------------------------------------------
[debug] [2020-09-11T12:09:32.320Z] 
[debug] [2020-09-11T12:09:32.494Z] > command requires scopes: ["email","openid","https://www.googleapis.com/auth/cloudplatformprojects.readonly","https://www.googleapis.com/auth/firebase","https://www.googleapis.com/auth/cloud-platform"]
[debug] [2020-09-11T12:09:32.504Z] > authorizing via signed-in user
[info] i  emulators: Starting emulators: functions, hosting {"metadata":{"emulator":{"name":"hub"},"message":"Starting emulators: functions, hosting"}}
[warn] !  emulators: It seems that you are running multiple instances of the emulator suite for project belegic-ebc08. This may result in unexpected behavior. 
[debug] [2020-09-11T12:09:34.671Z] [hub] writing locator at C:\Users\Dragan\AppData\Local\Temp\hub-belegic-ebc08.json
[warn] !  functions: The following emulators are not running, calls to these services from the Functions emulator will affect production: firestore, database, pubsub {"metadata":{"emulator":{"name":"functions"},"message":"The following emulators are not running, calls to these services from the Functions emulator will affect production: \u001b[1mfirestore, database, pubsub\u001b[22m"}}
[warn] !  Your requested "node" version "10" doesn't match your global version "12" {"metadata":{"emulator":{"name":"functions"},"message":"Your requested \"node\" version \"10\" doesn't match your global version \"12\""}}
[debug] [2020-09-11T12:09:36.996Z] defaultcredentials: writing to file C:\Users\Dragan\AppData\Roaming\firebase\www_belegic_gmail.com_application_default_credentials.json
[debug] [2020-09-11T12:09:37.005Z] Setting GAC to C:\Users\Dragan\AppData\Roaming\firebase\www_belegic_gmail.com_application_default_credentials.json {"metadata":{"emulator":{"name":"functions"},"message":"Setting GAC to C:\\Users\\Dragan\\AppData\\Roaming\\firebase\\www_belegic_gmail.com_application_default_credentials.json"}}
[debug] [2020-09-11T12:09:39.028Z] >>> HTTP REQUEST GET https://firebase.googleapis.com/v1beta1/projects/belegic-ebc08/webApps/-/config  
 
[debug] [2020-09-11T12:09:40.268Z] <<< HTTP RESPONSE 200 {"content-type":"application/json; charset=UTF-8","vary":"X-Origin, Referer, Origin,Accept-Encoding","date":"Fri, 11 Sep 2020 12:09:40 GMT","server":"ESF","cache-control":"private","x-xss-protection":"0","x-frame-options":"SAMEORIGIN","x-content-type-options":"nosniff","alt-svc":"h3-29=\":443\"; ma=2592000,h3-27=\":443\"; ma=2592000,h3-T051=\":443\"; ma=2592000,h3-T050=\":443\"; ma=2592000,h3-Q050=\":443\"; ma=2592000,h3-Q046=\":443\"; ma=2592000,h3-Q043=\":443\"; ma=2592000,quic=\":443\"; ma=2592000; v=\"46,43\"","accept-ranges":"none","transfer-encoding":"chunked"}
[info] i  hosting: Serving hosting files from: build {"metadata":{"emulator":{"name":"hosting"},"message":"Serving hosting files from: \u001b[1mbuild\u001b[22m"}}
[info] +  hosting: Local server: http://localhost:5000 {"metadata":{"emulator":{"name":"hosting"},"message":"Local server: \u001b[4m\u001b[1mhttp://localhost:5000\u001b[22m\u001b[24m"}}
[debug] [2020-09-11T12:09:45.149Z] Ignoring unsupported arg: auto_download {"metadata":{"emulator":{"name":"ui"},"message":"Ignoring unsupported arg: auto_download"}}
[debug] [2020-09-11T12:09:45.150Z] Ignoring unsupported arg: port {"metadata":{"emulator":{"name":"ui"},"message":"Ignoring unsupported arg: port"}}
[debug] [2020-09-11T12:09:45.150Z] Starting Emulator UI with command {"binary":"node","args":["C:\\Users\\Dragan\\.cache\\firebase\\emulators\\ui-v1.1.1\\server.bundle.js"],"optionalArgs":[],"joinArgs":false} {"metadata":{"emulator":{"name":"ui"},"message":"Starting Emulator UI with command {\"binary\":\"node\",\"args\":[\"C:\\\\Users\\\\Dragan\\\\.cache\\\\firebase\\\\emulators\\\\ui-v1.1.1\\\\server.bundle.js\"],\"optionalArgs\":[],\"joinArgs\":false}"}}
[info] i  ui: Emulator UI logging to ui-debug.log {"metadata":{"emulator":{"name":"ui"},"message":"Emulator UI logging to \u001b[1mui-debug.log\u001b[22m"}}
[debug] [2020-09-11T12:09:46.171Z] Web / API server started at http://localhost:4000
 {"metadata":{"emulator":{"name":"ui"},"message":"Web / API server started at http://localhost:4000\n"}}
[info] i  functions: Watching "C:\Users\Dragan\Desktop\challenge\amazon\functions" for Cloud Functions... {"metadata":{"emulator":{"name":"functions"},"message":"Watching \"C:\\Users\\Dragan\\Desktop\\challenge\\amazon\\functions\" for Cloud Functions..."}}
[debug] [2020-09-11T12:09:46.427Z] [worker-pool] addWorker(~diagnostic~) {"metadata":{"emulator":{"name":"functions"},"message":"[worker-pool] addWorker(~diagnostic~)"}}
[debug] [2020-09-11T12:09:46.427Z] [worker-pool] Adding worker with key ~diagnostic~, total=1 {"metadata":{"emulator":{"name":"functions"},"message":"[worker-pool] Adding worker with key ~diagnostic~, total=1"}}
[debug] [2020-09-11T12:09:46.428Z] [worker-pool] submitWork(triggerId=) {"metadata":{"emulator":{"name":"functions"},"message":"[worker-pool] submitWork(triggerId=)"}}
[debug] [2020-09-11T12:09:46.428Z] [worker-~diagnostic~-0f2d640b-682a-4364-b1bd-2501ae44e6d6]: Assigning socketPath: \\?\pipe\C:\Users\Dragan\Desktop\challenge\amazon\functions\11600 {"metadata":{"emulator":{"name":"functions"},"message":"[worker-~diagnostic~-0f2d640b-682a-4364-b1bd-2501ae44e6d6]: Assigning socketPath: \\\\?\\pipe\\C:\\Users\\Dragan\\Desktop\\challenge\\amazon\\functions\\11600"}}
[debug] [2020-09-11T12:09:46.429Z] [worker-~diagnostic~-0f2d640b-682a-4364-b1bd-2501ae44e6d6]: BUSY {"metadata":{"emulator":{"name":"functions"},"message":"[worker-~diagnostic~-0f2d640b-682a-4364-b1bd-2501ae44e6d6]: BUSY"}}
[debug] [2020-09-11T12:09:48.146Z] [runtime-status] [11600] Functions runtime initialized. {"cwd":"C:\\Users\\Dragan\\Desktop\\challenge\\amazon\\functions","node_version":"12.16.1"} {"metadata":{"emulator":{"name":"functions"},"message":"[runtime-status] [11600] Functions runtime initialized. {\"cwd\":\"C:\\\\Users\\\\Dragan\\\\Desktop\\\\challenge\\\\amazon\\\\functions\",\"node_version\":\"12.16.1\"}"}}
[debug] [2020-09-11T12:09:48.147Z] [runtime-status] [11600] Disabled runtime features: undefined {"metadata":{"emulator":{"name":"functions"},"message":"[runtime-status] [11600] Disabled runtime features: undefined"}}
[debug] [2020-09-11T12:09:48.264Z] [runtime-status] [11600] Resolved module firebase-admin {"declared":true,"installed":true,"version":"8.13.0","resolution":"C:\\Users\\Dragan\\Desktop\\challenge\\amazon\\functions\\node_modules\\firebase-admin\\lib\\index.js"} {"metadata":{"emulator":{"name":"functions"},"message":"[runtime-status] [11600] Resolved module firebase-admin {\"declared\":true,\"installed\":true,\"version\":\"8.13.0\",\"resolution\":\"C:\\\\Users\\\\Dragan\\\\Desktop\\\\challenge\\\\amazon\\\\functions\\\\node_modules\\\\firebase-admin\\\\lib\\\\index.js\"}"}}
[debug] [2020-09-11T12:09:48.455Z] [runtime-status] [11600] Resolved module firebase-functions {"declared":true,"installed":true,"version":"3.11.0","resolution":"C:\\Users\\Dragan\\Desktop\\challenge\\amazon\\functions\\node_modules\\firebase-functions\\lib\\index.js"} {"metadata":{"emulator":{"name":"functions"},"message":"[runtime-status] [11600] Resolved module firebase-functions {\"declared\":true,\"installed\":true,\"version\":\"3.11.0\",\"resolution\":\"C:\\\\Users\\\\Dragan\\\\Desktop\\\\challenge\\\\amazon\\\\functions\\\\node_modules\\\\firebase-functions\\\\lib\\\\index.js\"}"}}
[debug] [2020-09-11T12:09:48.457Z] [runtime-status] [11600] Resolved module firebase-functions {"declared":true,"installed":true,"version":"3.11.0","resolution":"C:\\Users\\Dragan\\Desktop\\challenge\\amazon\\functions\\node_modules\\firebase-functions\\lib\\index.js"} {"metadata":{"emulator":{"name":"functions"},"message":"[runtime-status] [11600] Resolved module firebase-functions {\"declared\":true,\"installed\":true,\"version\":\"3.11.0\",\"resolution\":\"C:\\\\Users\\\\Dragan\\\\Desktop\\\\challenge\\\\amazon\\\\functions\\\\node_modules\\\\firebase-functions\\\\lib\\\\index.js\"}"}}
[debug] [2020-09-11T12:09:48.462Z] [runtime-status] [11600] Outgoing network have been stubbed. [{"name":"http","status":"mocked"},{"name":"http","status":"mocked"},{"name":"https","status":"mocked"},{"name":"https","status":"mocked"},{"name":"net","status":"mocked"}] {"metadata":{"emulator":{"name":"functions"},"message":"[runtime-status] [11600] Outgoing network have been stubbed. [{\"name\":\"http\",\"status\":\"mocked\"},{\"name\":\"http\",\"status\":\"mocked\"},{\"name\":\"https\",\"status\":\"mocked\"},{\"name\":\"https\",\"status\":\"mocked\"},{\"name\":\"net\",\"status\":\"mocked\"}]"}}
[debug] [2020-09-11T12:09:48.463Z] [runtime-status] [11600] Resolved module firebase-functions {"declared":true,"installed":true,"version":"3.11.0","resolution":"C:\\Users\\Dragan\\Desktop\\challenge\\amazon\\functions\\node_modules\\firebase-functions\\lib\\index.js"} {"metadata":{"emulator":{"name":"functions"},"message":"[runtime-status] [11600] Resolved module firebase-functions {\"declared\":true,\"installed\":true,\"version\":\"3.11.0\",\"resolution\":\"C:\\\\Users\\\\Dragan\\\\Desktop\\\\challenge\\\\amazon\\\\functions\\\\node_modules\\\\firebase-functions\\\\lib\\\\index.js\"}"}}
[debug] [2020-09-11T12:09:51.058Z] [runtime-status] [11600] Checked functions.config() {"config":{}} {"metadata":{"emulator":{"name":"functions"},"message":"[runtime-status] [11600] Checked functions.config() {\"config\":{}}"}}
[debug] [2020-09-11T12:09:51.058Z] [runtime-status] [11600] firebase-functions has been stubbed. {"functionsResolution":{"declared":true,"installed":true,"version":"3.11.0","resolution":"C:\\Users\\Dragan\\Desktop\\challenge\\amazon\\functions\\node_modules\\firebase-functions\\lib\\index.js"}} {"metadata":{"emulator":{"name":"functions"},"message":"[runtime-status] [11600] firebase-functions has been stubbed. {\"functionsResolution\":{\"declared\":true,\"installed\":true,\"version\":\"3.11.0\",\"resolution\":\"C:\\\\Users\\\\Dragan\\\\Desktop\\\\challenge\\\\amazon\\\\functions\\\\node_modules\\\\firebase-functions\\\\lib\\\\index.js\"}}"}}
[debug] [2020-09-11T12:09:51.060Z] [runtime-status] [11600] Resolved module firebase-functions {"declared":true,"installed":true,"version":"3.11.0","resolution":"C:\\Users\\Dragan\\Desktop\\challenge\\amazon\\functions\\node_modules\\firebase-functions\\lib\\index.js"} {"metadata":{"emulator":{"name":"functions"},"message":"[runtime-status] [11600] Resolved module firebase-functions {\"declared\":true,\"installed\":true,\"version\":\"3.11.0\",\"resolution\":\"C:\\\\Users\\\\Dragan\\\\Desktop\\\\challenge\\\\amazon\\\\functions\\\\node_modules\\\\firebase-functions\\\\lib\\\\index.js\"}"}}
[debug] [2020-09-11T12:09:51.063Z] [runtime-status] [11600] Resolved module firebase-admin {"declared":true,"installed":true,"version":"8.13.0","resolution":"C:\\Users\\Dragan\\Desktop\\challenge\\amazon\\functions\\node_modules\\firebase-admin\\lib\\index.js"} {"metadata":{"emulator":{"name":"functions"},"message":"[runtime-status] [11600] Resolved module firebase-admin {\"declared\":true,\"installed\":true,\"version\":\"8.13.0\",\"resolution\":\"C:\\\\Users\\\\Dragan\\\\Desktop\\\\challenge\\\\amazon\\\\functions\\\\node_modules\\\\firebase-admin\\\\lib\\\\index.js\"}"}}
[debug] [2020-09-11T12:09:51.065Z] [runtime-status] [11600] Resolved module firebase-functions {"declared":true,"installed":true,"version":"3.11.0","resolution":"C:\\Users\\Dragan\\Desktop\\challenge\\amazon\\functions\\node_modules\\firebase-functions\\lib\\index.js"} {"metadata":{"emulator":{"name":"functions"},"message":"[runtime-status] [11600] Resolved module firebase-functions {\"declared\":true,\"installed\":true,\"version\":\"3.11.0\",\"resolution\":\"C:\\\\Users\\\\Dragan\\\\Desktop\\\\challenge\\\\amazon\\\\functions\\\\node_modules\\\\firebase-functions\\\\lib\\\\index.js\"}"}}
[debug] [2020-09-11T12:09:51.066Z] [runtime-status] [11600] firebase-admin has been stubbed. {"adminResolution":{"declared":true,"installed":true,"version":"8.13.0","resolution":"C:\\Users\\Dragan\\Desktop\\challenge\\amazon\\functions\\node_modules\\firebase-admin\\lib\\index.js"}} {"metadata":{"emulator":{"name":"functions"},"message":"[runtime-status] [11600] firebase-admin has been stubbed. {\"adminResolution\":{\"declared\":true,\"installed\":true,\"version\":\"8.13.0\",\"resolution\":\"C:\\\\Users\\\\Dragan\\\\Desktop\\\\challenge\\\\amazon\\\\functions\\\\node_modules\\\\firebase-admin\\\\lib\\\\index.js\"}}"}}
[info] +  functions[api]: http function initialized (http://localhost:5001/belegic-ebc08/us-central1/api). {"metadata":{"emulator":{"name":"functions"},"message":"\u001b[1mhttp\u001b[22m function initialized (http://localhost:5001/belegic-ebc08/us-central1/api)."}}
[info] 
┌───────────────────────────────────────────────────────────────────────┐
│ ✔  All emulators ready! View status and logs at http://localhost:4000 │
└───────────────────────────────────────────────────────────────────────┘

┌───────────┬────────────────┬─────────────────────────────────┐
│ Emulator  │ Host:Port      │ View in Emulator UI             │
├───────────┼────────────────┼─────────────────────────────────┤
│ Functions │ localhost:5001 │ http://localhost:4000/functions │
├───────────┼────────────────┼─────────────────────────────────┤
│ Hosting   │ localhost:5000 │ n/a                             │
└───────────┴────────────────┴─────────────────────────────────┘
  Other reserved ports: 4400, 4500

Issues? Report them at https://github.com/firebase/firebase-tools/issues and attach the *-debug.log files.
 
[debug] [2020-09-11T12:10:03.932Z] [worker-~diagnostic~-0f2d640b-682a-4364-b1bd-2501ae44e6d6]: IDLE {"metadata":{"emulator":{"name":"functions"},"message":"[worker-~diagnostic~-0f2d640b-682a-4364-b1bd-2501ae44e6d6]: IDLE"}}
[debug] [2020-09-11T12:17:02.368Z] [work-queue] {"queueLength":1,"workRunningCount":0}
[debug] [2020-09-11T12:17:02.370Z] [work-queue] {"queueLength":0,"workRunningCount":1}
[debug] [2020-09-11T12:17:02.371Z] Accepted request POST /belegic-ebc08/us-central1/api/payments/create?total=10500 --> api
[debug] [2020-09-11T12:17:02.773Z] [worker-pool] addWorker(api) {"metadata":{"emulator":{"name":"functions"},"message":"[worker-pool] addWorker(api)"}}
[debug] [2020-09-11T12:17:02.773Z] [worker-pool] Adding worker with key api, total=1 {"metadata":{"emulator":{"name":"functions"},"message":"[worker-pool] Adding worker with key api, total=1"}}
[debug] [2020-09-11T12:17:02.774Z] [worker-pool] submitWork(triggerId=api) {"metadata":{"emulator":{"name":"functions"},"message":"[worker-pool] submitWork(triggerId=api)"}}
[debug] [2020-09-11T12:17:02.774Z] [worker-api-8f3f8be8-afd1-4754-a80b-494dac23a221]: Assigning socketPath: \\?\pipe\C:\Users\Dragan\Desktop\challenge\amazon\functions\6368 {"metadata":{"emulator":{"name":"functions"},"message":"[worker-api-8f3f8be8-afd1-4754-a80b-494dac23a221]: Assigning socketPath: \\\\?\\pipe\\C:\\Users\\Dragan\\Desktop\\challenge\\amazon\\functions\\6368"}}
[debug] [2020-09-11T12:17:02.774Z] [worker-api-8f3f8be8-afd1-4754-a80b-494dac23a221]: BUSY {"metadata":{"emulator":{"name":"functions"},"message":"[worker-api-8f3f8be8-afd1-4754-a80b-494dac23a221]: BUSY"}}
[debug] [2020-09-11T12:17:14.858Z] [runtime-status] [6368] Functions runtime initialized. {"cwd":"C:\\Users\\Dragan\\Desktop\\challenge\\amazon\\functions","node_version":"12.16.1"} {"metadata":{"emulator":{"name":"functions"},"function":{"name":"api"},"message":"[runtime-status] [6368] Functions runtime initialized. {\"cwd\":\"C:\\\\Users\\\\Dragan\\\\Desktop\\\\challenge\\\\amazon\\\\functions\",\"node_version\":\"12.16.1\"}"}}
[debug] [2020-09-11T12:17:14.862Z] [runtime-status] [6368] Disabled runtime features: undefined {"metadata":{"emulator":{"name":"functions"},"function":{"name":"api"},"message":"[runtime-status] [6368] Disabled runtime features: undefined"}}
[debug] [2020-09-11T12:17:15.018Z] [runtime-status] [6368] Resolved module firebase-admin {"declared":true,"installed":true,"version":"8.13.0","resolution":"C:\\Users\\Dragan\\Desktop\\challenge\\amazon\\functions\\node_modules\\firebase-admin\\lib\\index.js"} {"metadata":{"emulator":{"name":"functions"},"function":{"name":"api"},"message":"[runtime-status] [6368] Resolved module firebase-admin {\"declared\":true,\"installed\":true,\"version\":\"8.13.0\",\"resolution\":\"C:\\\\Users\\\\Dragan\\\\Desktop\\\\challenge\\\\amazon\\\\functions\\\\node_modules\\\\firebase-admin\\\\lib\\\\index.js\"}"}}
[debug] [2020-09-11T12:17:15.325Z] [runtime-status] [6368] Resolved module firebase-functions {"declared":true,"installed":true,"version":"3.11.0","resolution":"C:\\Users\\Dragan\\Desktop\\challenge\\amazon\\functions\\node_modules\\firebase-functions\\lib\\index.js"} {"metadata":{"emulator":{"name":"functions"},"function":{"name":"api"},"message":"[runtime-status] [6368] Resolved module firebase-functions {\"declared\":true,\"installed\":true,\"version\":\"3.11.0\",\"resolution\":\"C:\\\\Users\\\\Dragan\\\\Desktop\\\\challenge\\\\amazon\\\\functions\\\\node_modules\\\\firebase-functions\\\\lib\\\\index.js\"}"}}
[debug] [2020-09-11T12:17:15.328Z] [runtime-status] [6368] Resolved module firebase-functions {"declared":true,"installed":true,"version":"3.11.0","resolution":"C:\\Users\\Dragan\\Desktop\\challenge\\amazon\\functions\\node_modules\\firebase-functions\\lib\\index.js"} {"metadata":{"emulator":{"name":"functions"},"function":{"name":"api"},"message":"[runtime-status] [6368] Resolved module firebase-functions {\"declared\":true,\"installed\":true,\"version\":\"3.11.0\",\"resolution\":\"C:\\\\Users\\\\Dragan\\\\Desktop\\\\challenge\\\\amazon\\\\functions\\\\node_modules\\\\firebase-functions\\\\lib\\\\index.js\"}"}}
[debug] [2020-09-11T12:17:15.334Z] [runtime-status] [6368] Outgoing network have been stubbed. [{"name":"http","status":"mocked"},{"name":"http","status":"mocked"},{"name":"https","status":"mocked"},{"name":"https","status":"mocked"},{"name":"net","status":"mocked"}] {"metadata":{"emulator":{"name":"functions"},"function":{"name":"api"},"message":"[runtime-status] [6368] Outgoing network have been stubbed. [{\"name\":\"http\",\"status\":\"mocked\"},{\"name\":\"http\",\"status\":\"mocked\"},{\"name\":\"https\",\"status\":\"mocked\"},{\"name\":\"https\",\"status\":\"mocked\"},{\"name\":\"net\",\"status\":\"mocked\"}]"}}
[debug] [2020-09-11T12:17:15.336Z] [runtime-status] [6368] Resolved module firebase-functions {"declared":true,"installed":true,"version":"3.11.0","resolution":"C:\\Users\\Dragan\\Desktop\\challenge\\amazon\\functions\\node_modules\\firebase-functions\\lib\\index.js"} {"metadata":{"emulator":{"name":"functions"},"function":{"name":"api"},"message":"[runtime-status] [6368] Resolved module firebase-functions {\"declared\":true,\"installed\":true,\"version\":\"3.11.0\",\"resolution\":\"C:\\\\Users\\\\Dragan\\\\Desktop\\\\challenge\\\\amazon\\\\functions\\\\node_modules\\\\firebase-functions\\\\lib\\\\index.js\"}"}}
[debug] [2020-09-11T12:17:16.755Z] [runtime-status] [6368] Checked functions.config() {"config":{}} {"metadata":{"emulator":{"name":"functions"},"function":{"name":"api"},"message":"[runtime-status] [6368] Checked functions.config() {\"config\":{}}"}}
[debug] [2020-09-11T12:17:16.756Z] [runtime-status] [6368] firebase-functions has been stubbed. {"functionsResolution":{"declared":true,"installed":true,"version":"3.11.0","resolution":"C:\\Users\\Dragan\\Desktop\\challenge\\amazon\\functions\\node_modules\\firebase-functions\\lib\\index.js"}} {"metadata":{"emulator":{"name":"functions"},"function":{"name":"api"},"message":"[runtime-status] [6368] firebase-functions has been stubbed. {\"functionsResolution\":{\"declared\":true,\"installed\":true,\"version\":\"3.11.0\",\"resolution\":\"C:\\\\Users\\\\Dragan\\\\Desktop\\\\challenge\\\\amazon\\\\functions\\\\node_modules\\\\firebase-functions\\\\lib\\\\index.js\"}}"}}
[debug] [2020-09-11T12:17:16.760Z] [runtime-status] [6368] Resolved module firebase-functions {"declared":true,"installed":true,"version":"3.11.0","resolution":"C:\\Users\\Dragan\\Desktop\\challenge\\amazon\\functions\\node_modules\\firebase-functions\\lib\\index.js"} {"metadata":{"emulator":{"name":"functions"},"function":{"name":"api"},"message":"[runtime-status] [6368] Resolved module firebase-functions {\"declared\":true,\"installed\":true,\"version\":\"3.11.0\",\"resolution\":\"C:\\\\Users\\\\Dragan\\\\Desktop\\\\challenge\\\\amazon\\\\functions\\\\node_modules\\\\firebase-functions\\\\lib\\\\index.js\"}"}}
[debug] [2020-09-11T12:17:16.766Z] [runtime-status] [6368] Resolved module firebase-admin {"declared":true,"installed":true,"version":"8.13.0","resolution":"C:\\Users\\Dragan\\Desktop\\challenge\\amazon\\functions\\node_modules\\firebase-admin\\lib\\index.js"} {"metadata":{"emulator":{"name":"functions"},"function":{"name":"api"},"message":"[runtime-status] [6368] Resolved module firebase-admin {\"declared\":true,\"installed\":true,\"version\":\"8.13.0\",\"resolution\":\"C:\\\\Users\\\\Dragan\\\\Desktop\\\\challenge\\\\amazon\\\\functions\\\\node_modules\\\\firebase-admin\\\\lib\\\\index.js\"}"}}
[debug] [2020-09-11T12:17:16.770Z] [runtime-status] [6368] Resolved module firebase-functions {"declared":true,"installed":true,"version":"3.11.0","resolution":"C:\\Users\\Dragan\\Desktop\\challenge\\amazon\\functions\\node_modules\\firebase-functions\\lib\\index.js"} {"metadata":{"emulator":{"name":"functions"},"function":{"name":"api"},"message":"[runtime-status] [6368] Resolved module firebase-functions {\"declared\":true,\"installed\":true,\"version\":\"3.11.0\",\"resolution\":\"C:\\\\Users\\\\Dragan\\\\Desktop\\\\challenge\\\\amazon\\\\functions\\\\node_modules\\\\firebase-functions\\\\lib\\\\index.js\"}"}}
[debug] [2020-09-11T12:17:16.771Z] [runtime-status] [6368] firebase-admin has been stubbed. {"adminResolution":{"declared":true,"installed":true,"version":"8.13.0","resolution":"C:\\Users\\Dragan\\Desktop\\challenge\\amazon\\functions\\node_modules\\firebase-admin\\lib\\index.js"}} {"metadata":{"emulator":{"name":"functions"},"function":{"name":"api"},"message":"[runtime-status] [6368] firebase-admin has been stubbed. {\"adminResolution\":{\"declared\":true,\"installed\":true,\"version\":\"8.13.0\",\"resolution\":\"C:\\\\Users\\\\Dragan\\\\Desktop\\\\challenge\\\\amazon\\\\functions\\\\node_modules\\\\firebase-admin\\\\lib\\\\index.js\"}}"}}
[debug] [2020-09-11T12:17:21.918Z] [runtime-status] [6368] Trigger "api" has been found, beginning invocation! {"metadata":{"emulator":{"name":"functions"},"function":{"name":"api"},"message":"[runtime-status] [6368] Trigger \"api\" has been found, beginning invocation!"}}
[info] i  functions: Beginning execution of "api" {"metadata":{"emulator":{"name":"functions"},"function":{"name":"api"},"message":"Beginning execution of \"api\""}}
[debug] [2020-09-11T12:17:21.922Z] [runtime-status] [6368] triggerDefinition {"httpsTrigger":{},"name":"api","entryPoint":"api"} {"metadata":{"emulator":{"name":"functions"},"function":{"name":"api"},"message":"[runtime-status] [6368] triggerDefinition {\"httpsTrigger\":{},\"name\":\"api\",\"entryPoint\":\"api\"}"}}
[debug] [2020-09-11T12:17:21.922Z] [runtime-status] [6368] Running api in mode HTTPS {"metadata":{"emulator":{"name":"functions"},"function":{"name":"api"},"message":"[runtime-status] [6368] Running api in mode HTTPS"}}
[debug] [2020-09-11T12:17:21.928Z] [runtime-status] [6368] Attempting to listen to socketPath: \\?\pipe\C:\Users\Dragan\Desktop\challenge\amazon\functions\6368 {"metadata":{"emulator":{"name":"functions"},"function":{"name":"api"},"message":"[runtime-status] [6368] Attempting to listen to socketPath: \\\\?\\pipe\\C:\\Users\\Dragan\\Desktop\\challenge\\amazon\\functions\\6368"}}
[debug] [2020-09-11T12:17:21.977Z] [functions] Runtime ready! Sending request! {"metadata":{"emulator":{"name":"functions"},"message":"[functions] Runtime ready! Sending request!"}}
[debug] [2020-09-11T12:17:22.095Z] [runtime-status] [6368] Ephemeral server handling POST request {"metadata":{"emulator":{"name":"functions"},"function":{"name":"api"},"message":"[runtime-status] [6368] Ephemeral server handling POST request"}}
[debug] [2020-09-11T12:17:22.153Z] [runtime-status] [6368] Ephemeral server survived. {"metadata":{"emulator":{"name":"functions"},"function":{"name":"api"},"message":"[runtime-status] [6368] Ephemeral server survived."}}
[info] i  functions: Finished "api" in ~1s {"metadata":{"emulator":{"name":"functions"},"function":{"name":"api"},"message":"Finished \"api\" in ~1s"}}
[debug] [2020-09-11T12:17:23.775Z] [worker-api-8f3f8be8-afd1-4754-a80b-494dac23a221]: IDLE {"metadata":{"emulator":{"name":"functions"},"message":"[worker-api-8f3f8be8-afd1-4754-a80b-494dac23a221]: IDLE"}}
[debug] [2020-09-11T12:17:23.775Z] [work-queue] {"queueLength":0,"workRunningCount":0}
[debug] [2020-09-11T12:34:30.549Z] [work-queue] {"queueLength":1,"workRunningCount":0}
[debug] [2020-09-11T12:34:30.550Z] [work-queue] {"queueLength":0,"workRunningCount":1}
[debug] [2020-09-11T12:34:30.550Z] Accepted request POST /belegic-ebc08/us-central1/api/payments/create?total=0 --> api
[debug] [2020-09-11T12:34:30.550Z] [worker-pool] submitWork(triggerId=api) {"metadata":{"emulator":{"name":"functions"},"message":"[worker-pool] submitWork(triggerId=api)"}}
[debug] [2020-09-11T12:34:30.550Z] [worker-api-8f3f8be8-afd1-4754-a80b-494dac23a221]: Assigning socketPath: \\?\pipe\C:\Users\Dragan\Desktop\challenge\amazon\functions\6368 {"metadata":{"emulator":{"name":"functions"},"message":"[worker-api-8f3f8be8-afd1-4754-a80b-494dac23a221]: Assigning socketPath: \\\\?\\pipe\\C:\\Users\\Dragan\\Desktop\\challenge\\amazon\\functions\\6368"}}
[debug] [2020-09-11T12:34:30.551Z] [worker-api-8f3f8be8-afd1-4754-a80b-494dac23a221]: BUSY {"metadata":{"emulator":{"name":"functions"},"message":"[worker-api-8f3f8be8-afd1-4754-a80b-494dac23a221]: BUSY"}}
[debug] [2020-09-11T12:34:35.489Z] [runtime-status] [6368] Trigger "api" has been found, beginning invocation! {"metadata":{"emulator":{"name":"functions"},"function":{"name":"api"},"message":"[runtime-status] [6368] Trigger \"api\" has been found, beginning invocation!"}}
[info] i  functions: Beginning execution of "api" {"metadata":{"emulator":{"name":"functions"},"function":{"name":"api"},"message":"Beginning execution of \"api\""}}
[debug] [2020-09-11T12:34:35.646Z] [runtime-status] [6368] triggerDefinition {"httpsTrigger":{},"name":"api","entryPoint":"api"} {"metadata":{"emulator":{"name":"functions"},"function":{"name":"api"},"message":"[runtime-status] [6368] triggerDefinition {\"httpsTrigger\":{},\"name\":\"api\",\"entryPoint\":\"api\"}"}}
[debug] [2020-09-11T12:34:35.646Z] [runtime-status] [6368] Running api in mode HTTPS {"metadata":{"emulator":{"name":"functions"},"function":{"name":"api"},"message":"[runtime-status] [6368] Running api in mode HTTPS"}}
[debug] [2020-09-11T12:34:35.890Z] [runtime-status] [6368] Attempting to listen to socketPath: \\?\pipe\C:\Users\Dragan\Desktop\challenge\amazon\functions\6368 {"metadata":{"emulator":{"name":"functions"},"function":{"name":"api"},"message":"[runtime-status] [6368] Attempting to listen to socketPath: \\\\?\\pipe\\C:\\Users\\Dragan\\Desktop\\challenge\\amazon\\functions\\6368"}}
[debug] [2020-09-11T12:34:36.023Z] [functions] Runtime ready! Sending request! {"metadata":{"emulator":{"name":"functions"},"message":"[functions] Runtime ready! Sending request!"}}
[debug] [2020-09-11T12:34:36.195Z] [runtime-status] [6368] Ephemeral server handling POST request {"metadata":{"emulator":{"name":"functions"},"function":{"name":"api"},"message":"[runtime-status] [6368] Ephemeral server handling POST request"}}
[debug] [2020-09-11T12:34:37.463Z] [runtime-status] [6368] Ephemeral server survived. {"metadata":{"emulator":{"name":"functions"},"function":{"name":"api"},"message":"[runtime-status] [6368] Ephemeral server survived."}}
[info] >  (node:6368) UnhandledPromiseRejectionWarning: Error: This value must be greater than or equal to 1. {"user":"(node:6368) UnhandledPromiseRejectionWarning: Error: This value must be greater than or equal to 1.","metadata":{"emulator":{"name":"functions"},"function":{"name":"api"},"message":"\u001b[90m> \u001b[39m (node:6368) UnhandledPromiseRejectionWarning: Error: This value must be greater than or equal to 1."}}
[info] >      at Function.generate (C:\Users\Dragan\Desktop\challenge\amazon\functions\node_modules\stripe\lib\Error.js:39:16) {"user":"    at Function.generate (C:\\Users\\Dragan\\Desktop\\challenge\\amazon\\functions\\node_modules\\stripe\\lib\\Error.js:39:16)","metadata":{"emulator":{"name":"functions"},"function":{"name":"api"},"message":"\u001b[90m> \u001b[39m     at Function.generate (C:\\Users\\Dragan\\Desktop\\challenge\\amazon\\functions\\node_modules\\stripe\\lib\\Error.js:39:16)"}}
[info] >      at IncomingMessage.<anonymous> (C:\Users\Dragan\Desktop\challenge\amazon\functions\node_modules\stripe\lib\StripeResource.js:190:33) {"user":"    at IncomingMessage.<anonymous> (C:\\Users\\Dragan\\Desktop\\challenge\\amazon\\functions\\node_modules\\stripe\\lib\\StripeResource.js:190:33)","metadata":{"emulator":{"name":"functions"},"function":{"name":"api"},"message":"\u001b[90m> \u001b[39m     at IncomingMessage.<anonymous> (C:\\Users\\Dragan\\Desktop\\challenge\\amazon\\functions\\node_modules\\stripe\\lib\\StripeResource.js:190:33)"}}
[info] >      at Object.onceWrapper (events.js:417:28) {"user":"    at Object.onceWrapper (events.js:417:28)","metadata":{"emulator":{"name":"functions"},"function":{"name":"api"},"message":"\u001b[90m> \u001b[39m     at Object.onceWrapper (events.js:417:28)"}}
[info] >      at IncomingMessage.emit (events.js:323:22) {"user":"    at IncomingMessage.emit (events.js:323:22)","metadata":{"emulator":{"name":"functions"},"function":{"name":"api"},"message":"\u001b[90m> \u001b[39m     at IncomingMessage.emit (events.js:323:22)"}}
[info] >      at endReadableNT (_stream_readable.js:1204:12) {"user":"    at endReadableNT (_stream_readable.js:1204:12)","metadata":{"emulator":{"name":"functions"},"function":{"name":"api"},"message":"\u001b[90m> \u001b[39m     at endReadableNT (_stream_readable.js:1204:12)"}}
[info] >      at processTicksAndRejections (internal/process/task_queues.js:84:21) {"user":"    at processTicksAndRejections (internal/process/task_queues.js:84:21)","metadata":{"emulator":{"name":"functions"},"function":{"name":"api"},"message":"\u001b[90m> \u001b[39m     at processTicksAndRejections (internal/process/task_queues.js:84:21)"}}
[info] >  (node:6368) UnhandledPromiseRejectionWarning: Unhandled promise rejection. This error originated either by throwing inside of an async function without a catch block, or by rejecting a promise which was not handled with .catch(). To terminate the node process on unhandled promise rejection, use the CLI flag `--unhandled-rejections=strict` (see https://nodejs.org/api/cli.html#cli_unhandled_rejections_mode). (rejection id: 1) {"user":"(node:6368) UnhandledPromiseRejectionWarning: Unhandled promise rejection. This error originated either by throwing inside of an async function without a catch block, or by rejecting a promise which was not handled with .catch(). To terminate the node process on unhandled promise rejection, use the CLI flag `--unhandled-rejections=strict` (see https://nodejs.org/api/cli.html#cli_unhandled_rejections_mode). (rejection id: 1)","metadata":{"emulator":{"name":"functions"},"function":{"name":"api"},"message":"\u001b[90m> \u001b[39m (node:6368) UnhandledPromiseRejectionWarning: Unhandled promise rejection. This error originated either by throwing inside of an async function without a catch block, or by rejecting a promise which was not handled with .catch(). To terminate the node process on unhandled promise rejection, use the CLI flag `--unhandled-rejections=strict` (see https://nodejs.org/api/cli.html#cli_unhandled_rejections_mode). (rejection id: 1)"}}
[info] >  (node:6368) [DEP0018] DeprecationWarning: Unhandled promise rejections are deprecated. In the future, promise rejections that are not handled will terminate the Node.js process with a non-zero exit code. {"user":"(node:6368) [DEP0018] DeprecationWarning: Unhandled promise rejections are deprecated. In the future, promise rejections that are not handled will terminate the Node.js process with a non-zero exit code.","metadata":{"emulator":{"name":"functions"},"function":{"name":"api"},"message":"\u001b[90m> \u001b[39m (node:6368) [DEP0018] DeprecationWarning: Unhandled promise rejections are deprecated. In the future, promise rejections that are not handled will terminate the Node.js process with a non-zero exit code."}}
[warn] !  functions: Your function timed out after ~60s. To configure this timeout, see
      https://firebase.google.com/docs/functions/manage-functions#set_timeout_and_memory_allocation. {"metadata":{"emulator":{"name":"functions"},"function":{"name":"api"},"message":"Your function timed out after ~60s. To configure this timeout, see\n      https://firebase.google.com/docs/functions/manage-functions#set_timeout_and_memory_allocation."}}
[info] >  C:\Users\Dragan\AppData\Roaming\npm\node_modules\firebase-tools\lib\emulator\functionsEmulatorRuntime.js:642 {"user":"C:\\Users\\Dragan\\AppData\\Roaming\\npm\\node_modules\\firebase-tools\\lib\\emulator\\functionsEmulatorRuntime.js:642\r","metadata":{"emulator":{"name":"functions"},"function":{"name":"api"},"message":"\u001b[90m> \u001b[39m C:\\Users\\Dragan\\AppData\\Roaming\\npm\\node_modules\\firebase-tools\\lib\\emulator\\functionsEmulatorRuntime.js:642\r"}}
[info] >                  throw new Error("Function timed out."); {"user":"                throw new Error(\"Function timed out.\");\r","metadata":{"emulator":{"name":"functions"},"function":{"name":"api"},"message":"\u001b[90m> \u001b[39m                 throw new Error(\"Function timed out.\");\r"}}
[info] >                  ^ {"user":"                ^\r","metadata":{"emulator":{"name":"functions"},"function":{"name":"api"},"message":"\u001b[90m> \u001b[39m                 ^\r"}}
[info] >   {"user":"\r","metadata":{"emulator":{"name":"functions"},"function":{"name":"api"},"message":"\u001b[90m> \u001b[39m \r"}}
[info] >  Error: Function timed out. {"user":"Error: Function timed out.\r","metadata":{"emulator":{"name":"functions"},"function":{"name":"api"},"message":"\u001b[90m> \u001b[39m Error: Function timed out.\r"}}
[info] >      at Timeout._onTimeout (C:\Users\Dragan\AppData\Roaming\npm\node_modules\firebase-tools\lib\emulator\functionsEmulatorRuntime.js:642:23) {"user":"    at Timeout._onTimeout (C:\\Users\\Dragan\\AppData\\Roaming\\npm\\node_modules\\firebase-tools\\lib\\emulator\\functionsEmulatorRuntime.js:642:23)\r","metadata":{"emulator":{"name":"functions"},"function":{"name":"api"},"message":"\u001b[90m> \u001b[39m     at Timeout._onTimeout (C:\\Users\\Dragan\\AppData\\Roaming\\npm\\node_modules\\firebase-tools\\lib\\emulator\\functionsEmulatorRuntime.js:642:23)\r"}}
[info] >      at listOnTimeout (internal/timers.js:549:17) {"user":"    at listOnTimeout (internal/timers.js:549:17)\r","metadata":{"emulator":{"name":"functions"},"function":{"name":"api"},"message":"\u001b[90m> \u001b[39m     at listOnTimeout (internal/timers.js:549:17)\r"}}
[info] >      at processTimers (internal/timers.js:492:7) {"user":"    at processTimers (internal/timers.js:492:7)\r","metadata":{"emulator":{"name":"functions"},"function":{"name":"api"},"message":"\u001b[90m> \u001b[39m     at processTimers (internal/timers.js:492:7)\r"}}
[debug] [2020-09-11T12:35:35.837Z] [worker-api-8f3f8be8-afd1-4754-a80b-494dac23a221]: exited {"metadata":{"emulator":{"name":"functions"},"message":"[worker-api-8f3f8be8-afd1-4754-a80b-494dac23a221]: exited"}}
[debug] [2020-09-11T12:35:35.837Z] [worker-api-8f3f8be8-afd1-4754-a80b-494dac23a221]: FINISHED {"metadata":{"emulator":{"name":"functions"},"message":"[worker-api-8f3f8be8-afd1-4754-a80b-494dac23a221]: FINISHED"}}
[debug] [2020-09-11T12:35:35.838Z] [work-queue] {"queueLength":0,"workRunningCount":0}
